[03:06:39] [ServerMain/INFO]: [bootstrap] Running Java 21 (OpenJDK 64-Bit Server VM 21.0.7+6-Ubuntu-0ubuntu120.04; Ubuntu null) on Linux 6.8.0-1027-azure (amd64)
[03:06:39] [ServerMain/INFO]: [bootstrap] Loading Paper 1.21.4-231-ver/1.21.4@09e9afd (2025-05-19T17:59:36Z) for Minecraft 1.21.4
[03:06:39] [ServerMain/INFO]: [PluginInitializerManager] Initializing plugins...
[03:06:39] [ServerMain/INFO]: [PluginInitializerManager] Initialized 0 plugins
[03:06:40] [Paper Plugin Remapper Thread - 1/INFO]: [ReobfServer] Remapping server...
[03:06:47] [ServerMain/INFO]: Environment: Environment[sessionHost=https://sessionserver.mojang.com, servicesHost=https://api.minecraftservices.com, name=PROD]
[03:06:47] [ServerMain/INFO]: Found new data pack file/bukkit, loading it automatically
[03:06:47] [ServerMain/INFO]: Found new data pack paper, loading it automatically
[03:06:48] [ServerMain/INFO]: No existing world data, creating new world
[03:06:48] [Paper Plugin Remapper Thread - 1/INFO]: [ReobfServer] Done remapping server in 8711ms.
[03:06:49] [ServerMain/INFO]: Loaded 1370 recipes
[03:06:49] [ServerMain/INFO]: Loaded 1481 advancements
[03:06:49] [ServerMain/INFO]: [MCTypeRegistry] Initialising converters for DataConverter...
[03:06:50] [ServerMain/INFO]: [MCTypeRegistry] Finished initialising converters for DataConverter in 317.8ms
[03:06:50] [Server thread/INFO]: Starting minecraft server version 1.21.4
[03:06:50] [Server thread/INFO]: Loading properties
[03:06:50] [Server thread/INFO]: This server is running Paper version 1.21.4-231-ver/1.21.4@09e9afd (2025-05-19T17:59:36Z) (Implementing API version 1.21.4-R0.1-SNAPSHOT)
[03:06:50] [Server thread/INFO]: [spark] This server bundles the spark profiler. For more information please visit https://docs.papermc.io/paper/profiling
[03:06:50] [Server thread/INFO]: Server Ping Player Sample Count: 12
[03:06:50] [Server thread/INFO]: Using 4 threads for Netty based IO
[03:06:51] [Server thread/INFO]: [MoonriseCommon] Paper is using 1 worker threads, 1 I/O threads
[03:06:51] [Server thread/INFO]: [ChunkTaskScheduler] Chunk system is using population gen parallelism: true
[03:06:51] [Server thread/INFO]: Default game type: SURVIVAL
[03:06:51] [Server thread/INFO]: Generating keypair
[03:06:51] [Server thread/INFO]: Starting Minecraft server on *:25565
[03:06:51] [Server thread/INFO]: Using epoll channel type
[03:06:51] [Server thread/INFO]: Paper: Using libdeflate (Linux x86_64) compression from Velocity.
[03:06:51] [Server thread/INFO]: Paper: Using OpenSSL 1.1.x (Linux x86_64) cipher from Velocity.
[03:06:51] [Server thread/WARN]: **** SERVER IS RUNNING IN OFFLINE/INSECURE MODE!
[03:06:51] [Server thread/WARN]: The server will make no attempt to authenticate usernames. Beware.
[03:06:51] [Server thread/WARN]: While this makes the game possible to play without internet access, it also opens up the ability for hackers to connect with any username they choose.
[03:06:51] [Server thread/WARN]: To change this, set "online-mode" to "true" in the server.properties file.
[03:06:51] [Server thread/INFO]: Preparing level "world"
[03:07:03] [Server thread/INFO]: Preparing start region for dimension minecraft:overworld
[03:07:03] [Server thread/INFO]: Preparing spawn area: 2%
[03:07:03] [Server thread/INFO]: Preparing spawn area: 2%
[03:07:04] [Server thread/INFO]: Preparing spawn area: 2%
[03:07:04] [Server thread/INFO]: Preparing spawn area: 2%
[03:07:05] [Server thread/INFO]: Preparing spawn area: 18%
[03:07:05] [Server thread/INFO]: Preparing spawn area: 18%
[03:07:06] [Server thread/INFO]: Preparing spawn area: 20%
[03:07:06] [Server thread/INFO]: Preparing spawn area: 55%
[03:07:07] [Server thread/INFO]: Preparing spawn area: 57%
[03:07:07] [Server thread/INFO]: Preparing spawn area: 57%
[03:07:08] [Server thread/INFO]: Time elapsed: 4955 ms
[03:07:08] [Server thread/INFO]: Preparing start region for dimension minecraft:the_nether
[03:07:08] [Server thread/INFO]: Preparing spawn area: 12%
[03:07:08] [Server thread/INFO]: Preparing spawn area: 12%
[03:07:09] [Server thread/INFO]: Preparing spawn area: 44%
[03:07:09] [Server thread/INFO]: Time elapsed: 1469 ms
[03:07:09] [Server thread/INFO]: Preparing start region for dimension minecraft:the_end
[03:07:09] [Server thread/INFO]: Preparing spawn area: 2%
[03:07:10] [Server thread/INFO]: Time elapsed: 371 ms
[03:07:10] [Server thread/INFO]: [spark] Starting background profiler...
[03:07:10] [Server thread/INFO]: Done preparing level "world" (18.961s)
[03:07:10] [Server thread/INFO]: Running delayed init tasks
[03:07:10] [Server thread/INFO]: Done (31.770s)! For help, type "help"
[03:07:10] [Server thread/INFO]: *************************************************************************************
[03:07:10] [Server thread/INFO]: This is the first time you're starting this server.
[03:07:10] [Server thread/INFO]: It's recommended you read our 'Getting Started' documentation for guidance.
[03:07:10] [Server thread/INFO]: View this and more helpful information here: https://docs.papermc.io/paper/next-steps
[03:07:10] [Server thread/INFO]: *************************************************************************************
[03:07:32] [Server thread/INFO]: TPS from last 1m, 5m, 15m: 20.0, 20.0, 20.0
[03:11:49] [User Authenticator #0/INFO]: UUID of player XxClemexX is 426825ea-561e-3c09-80f7-b04c7b8acd0c
[03:11:51] [Server thread/INFO]: XxClemexX joined the game
[03:11:51] [Server thread/INFO]: XxClemexX[/127.125.129.41:44623] logged in with entity id 49 at ([world]167.5, 73.0, 156.5)
[03:13:32] [Server thread/INFO]: XxClemexX has made the advancement [Acquire Hardware]
[03:13:35] [Server thread/INFO]: XxClemexX has made the advancement [Suit Up]
[03:14:08] [Server thread/INFO]: TPS from last 1m, 5m, 15m: 20.0, 20.0, 20.0
[03:14:42] [Server thread/INFO]: Made XxClemexX a server operator
[03:14:50] [Server thread/INFO]: XxClemexX issued server command: /tps
[03:15:00] [Server thread/INFO]: XxClemexX issued server command: /gamemode creative
[03:15:00] [Server thread/INFO]: [XxClemexX: Set own game mode to Creative Mode]
[03:15:24] [Server thread/INFO]: XxClemexX has completed the challenge [Over-Overkill]
[03:16:04] [Server thread/INFO]: XxClemexX issued server command: /fill 300 69 -7 400 69 -7
[03:16:10] [Server thread/INFO]: XxClemexX issued server command: /fill 300 69 -7 400 69 -7 minecraft:tnt
[03:16:10] [Server thread/INFO]: [XxClemexX: Successfully filled 101 block(s)]
[03:16:19] [Server thread/INFO]: XxClemexX issued server command: /fill 300 69 -7 400 69 -50. minecraft:tnt
[03:16:24] [Server thread/INFO]: XxClemexX issued server command: /fill 300 69 -7 400 69 -50 minecraft:tnt
[03:16:24] [Server thread/INFO]: [XxClemexX: Successfully filled 4343 block(s)]
